<?xml version="1.0" encoding="UTF-8"?>
<!-- Generated by org.testng.reporters.JUnitReportReporter -->
<testsuite skipped="0" hostname="DESKTOP-FCALUL0" name="by.htp.testng.testng_st.AppTest" tests="1" failures="0" timestamp="27 дек 2017 17:20:10 GMT" time="8.622" errors="0">
  <testcase name="task6" time="8.622" classname="by.htp.testng.testng_st.AppTest"/>
</testsuite> <!-- by.htp.testng.testng_st.AppTest -->
